Bringing machine 'webserver' up with 'virtualbox' provider...
Bringing machine 'client' up with 'virtualbox' provider...
==> webserver: Checking if box 'ubuntu/trusty64' version '20191107.0.0' is up to date...
==> webserver: Clearing any previously set forwarded ports...
==> webserver: Clearing any previously set network interfaces...
==> webserver: Preparing network interfaces based on configuration...
    webserver: Adapter 1: nat
    webserver: Adapter 2: hostonly
==> webserver: Forwarding ports...
    webserver: 80 (guest) => 8080 (host) (adapter 1)
    webserver: 22 (guest) => 2222 (host) (adapter 1)
==> webserver: Running 'pre-boot' VM customizations...
==> webserver: Booting VM...
==> webserver: Waiting for machine to boot. This may take a few minutes...
    webserver: SSH address: 127.0.0.1:2222
    webserver: SSH username: vagrant
    webserver: SSH auth method: private key
==> webserver: Machine booted and ready!
==> webserver: Checking for guest additions in VM...
    webserver: The guest additions on this VM do not match the installed version of
    webserver: VirtualBox! In most cases this is fine, but in rare cases it can
    webserver: prevent things such as shared folders from working properly. If you see
    webserver: shared folder errors, please make sure the guest additions within the
    webserver: virtual machine match the version of VirtualBox you have installed on
    webserver: your host and reload your VM.
    webserver: 
    webserver: Guest Additions Version: 4.3.40
    webserver: VirtualBox Version: 7.2
==> webserver: Setting hostname...
==> webserver: Configuring and enabling network interfaces...
==> webserver: Mounting shared folders...
    webserver: C:/Users/Wellington/OneDrive/Ambiente de Trabalho/RC1Projectos/multinode => /vagrant
==> webserver: Machine already provisioned. Run `vagrant provision` or use the `--provision`
==> webserver: flag to force provisioning. Provisioners marked to run always will still run.
==> client: Checking if box 'ubuntu/trusty64' version '20191107.0.0' is up to date...
==> client: Clearing any previously set forwarded ports...
==> client: Fixed port collision for 22 => 2222. Now on port 2200.
==> client: Clearing any previously set network interfaces...
==> client: Preparing network interfaces based on configuration...
    client: Adapter 1: nat
    client: Adapter 2: hostonly
==> client: Forwarding ports...
    client: 22 (guest) => 2200 (host) (adapter 1)
==> client: Running 'pre-boot' VM customizations...
==> client: Booting VM...
==> client: Waiting for machine to boot. This may take a few minutes...
    client: SSH address: 127.0.0.1:2200
    client: SSH username: vagrant
    client: SSH auth method: private key
    client: Warning: Connection reset. Retrying...
    client: Warning: Connection aborted. Retrying...
==> client: Machine booted and ready!
==> client: Checking for guest additions in VM...
    client: The guest additions on this VM do not match the installed version of
    client: VirtualBox! In most cases this is fine, but in rare cases it can
    client: prevent things such as shared folders from working properly. If you see
    client: shared folder errors, please make sure the guest additions within the
    client: virtual machine match the version of VirtualBox you have installed on
    client: your host and reload your VM.
    client: 
    client: Guest Additions Version: 4.3.40
    client: VirtualBox Version: 7.2
==> client: Setting hostname...
==> client: Configuring and enabling network interfaces...
==> client: Mounting shared folders...
    client: C:/Users/Wellington/OneDrive/Ambiente de Trabalho/RC1Projectos/multinode => /vagrant
==> client: Machine already provisioned. Run `vagrant provision` or use the `--provision`
==> client: flag to force provisioning. Provisioners marked to run always will still run.
